<?xml version="1.0" encoding="UTF-8"?>
<!-- Generated by org.testng.reporters.JUnitReportReporter -->
<testsuite skipped="1" hostname="v2mumpc0455" name="in.v2solutions.hybrid.testcases.RPOST_D_17_Verify_UserCanCreateEditShareAndDeleteTemplete" tests="1" failures="0" timestamp="12 Jun 2017 05:38:50 GMT" time="0.000" errors="0">
  <testcase name="verify_UserCanCreateEditShareAndDeleteTemplete" time="0.000" classname="in.v2solutions.hybrid.testcases.RPOST_D_17_Verify_UserCanCreateEditShareAndDeleteTemplete">
    <skipped/>
  </testcase> <!-- verify_UserCanCreateEditShareAndDeleteTemplete -->
</testsuite> <!-- in.v2solutions.hybrid.testcases.RPOST_D_17_Verify_UserCanCreateEditShareAndDeleteTemplete -->
