<?xml version="1.0" encoding="UTF-8"?>
<!-- Generated by org.testng.reporters.JUnitReportReporter -->
<testsuite skipped="0" hostname="v2mumpc0455" name="in.v2solutions.hybrid.testcases.RPOST_D_02_Verify_UserCanLoginWithValidCredentials" tests="1" failures="0" timestamp="12 Jun 2017 09:13:29 GMT" time="41.383" errors="0">
  <testcase name="verify_UserCanLoginWithValidCredentials" time="41.383" classname="in.v2solutions.hybrid.testcases.RPOST_D_02_Verify_UserCanLoginWithValidCredentials"/>
</testsuite> <!-- in.v2solutions.hybrid.testcases.RPOST_D_02_Verify_UserCanLoginWithValidCredentials -->
